[debug] [2018-01-16T23:05:45.088Z] ----------------------------------------------------------------------
[debug] [2018-01-16T23:05:45.090Z] Command:       C:\Program Files\nodejs\node.exe C:\Users\Jimmy Brawn\AppData\Roaming\npm\node_modules\firebase-tools\bin\firebase serve
[debug] [2018-01-16T23:05:45.090Z] CLI Version:   3.16.0
[debug] [2018-01-16T23:05:45.090Z] Platform:      win32
[debug] [2018-01-16T23:05:45.090Z] Node Version:  v8.9.1
[debug] [2018-01-16T23:05:45.091Z] Time:          Wed Jan 17 2018 00:05:45 GMT+0100 (W. Europe Standard Time)
[debug] [2018-01-16T23:05:45.091Z] ----------------------------------------------------------------------
[debug] 
[debug] [2018-01-16T23:05:45.099Z] > command requires scopes: ["email","openid","https://www.googleapis.com/auth/cloudplatformprojects.readonly","https://www.googleapis.com/auth/firebase","https://www.googleapis.com/auth/cloud-platform"]
[debug] [2018-01-16T23:05:45.100Z] > authorizing via signed-in user
[debug] [2018-01-16T23:05:45.101Z] > refreshing access token with scopes: ["email","https://www.googleapis.com/auth/cloud-platform","https://www.googleapis.com/auth/cloudplatformprojects.readonly","https://www.googleapis.com/auth/firebase","openid"]
[debug] [2018-01-16T23:05:45.101Z] >>> HTTP REQUEST POST https://www.googleapis.com/oauth2/v3/token  
 { refresh_token: '1/w4IJGxamuz-q6E4R8HURSvZNBB4Q9L0nxOfRhQpPdZuZAX608dGDdMlVr-oavT-5',
  client_id: '563584335869-fgrhgmd47bqnekij5i8b5pr03ho849e6.apps.googleusercontent.com',
  client_secret: 'j9iVZfS8kkCEFUPaAeJV0sAi',
  grant_type: 'refresh_token',
  scope: 'email https://www.googleapis.com/auth/cloud-platform https://www.googleapis.com/auth/cloudplatformprojects.readonly https://www.googleapis.com/auth/firebase openid' } 
 Wed Jan 17 2018 00:05:45 GMT+0100 (W. Europe Standard Time)
[debug] [2018-01-16T23:05:45.262Z] <<< HTTP RESPONSE 200
[debug] [2018-01-16T23:05:45.267Z] >>> HTTP REQUEST GET https://admin.firebase.com/v1/projects/dodo-eb79d  
  
 Wed Jan 17 2018 00:05:45 GMT+0100 (W. Europe Standard Time)
[debug] [2018-01-16T23:05:45.999Z] <<< HTTP RESPONSE 200
[debug] [2018-01-16T23:05:46.000Z] >>> HTTP REQUEST GET https://admin.firebase.com/v1/database/dodo-eb79d/tokens  
  
 Wed Jan 17 2018 00:05:46 GMT+0100 (W. Europe Standard Time)
[debug] [2018-01-16T23:05:46.885Z] <<< HTTP RESPONSE 200
[info] 
[info] === Serving from 'C:\MAMP\htdocs\dodo'...
[info] 
[debug] [2018-01-16T23:05:46.888Z] >>> HTTP REQUEST GET https://cloudresourcemanager.googleapis.com/v1/projects/dodo-eb79d  
  
 Wed Jan 17 2018 00:05:46 GMT+0100 (W. Europe Standard Time)
[debug] [2018-01-16T23:05:47.838Z] <<< HTTP RESPONSE 200
[debug] [2018-01-16T23:05:47.839Z] >>> HTTP REQUEST GET https://mobilesdk-pa.googleapis.com/v1/projects/135685818963/clients/_:getWebAppConfig  
  
 Wed Jan 17 2018 00:05:47 GMT+0100 (W. Europe Standard Time)
[debug] [2018-01-16T23:05:48.517Z] <<< HTTP RESPONSE 200
[debug] [2018-01-16T23:05:48.532Z] TypeError: Cannot read property 'public' of undefined
    at Server.<anonymous> (C:\Users\Jimmy Brawn\AppData\Roaming\npm\node_modules\firebase-tools\lib\serve\hosting.js:34:18)
    at Object.onceWrapper (events.js:313:30)
    at emitNone (events.js:106:13)
    at Server.emit (events.js:208:7)
    at emitListeningNT (net.js:1378:10)
    at _combinedTickCallback (internal/process/next_tick.js:135:11)
    at process._tickDomainCallback (internal/process/next_tick.js:218:9)
[error] 
[error] Error: An unexpected error has occurred.
[debug] [2018-01-16T23:06:00.172Z] ----------------------------------------------------------------------
[debug] [2018-01-16T23:06:00.174Z] Command:       C:\Program Files\nodejs\node.exe C:\Users\Jimmy Brawn\AppData\Roaming\npm\node_modules\firebase-tools\bin\firebase serve
[debug] [2018-01-16T23:06:00.174Z] CLI Version:   3.16.0
[debug] [2018-01-16T23:06:00.174Z] Platform:      win32
[debug] [2018-01-16T23:06:00.174Z] Node Version:  v8.9.1
[debug] [2018-01-16T23:06:00.175Z] Time:          Wed Jan 17 2018 00:06:00 GMT+0100 (W. Europe Standard Time)
[debug] [2018-01-16T23:06:00.175Z] ----------------------------------------------------------------------
[debug] 
[debug] [2018-01-16T23:06:00.183Z] > command requires scopes: ["email","openid","https://www.googleapis.com/auth/cloudplatformprojects.readonly","https://www.googleapis.com/auth/firebase","https://www.googleapis.com/auth/cloud-platform"]
[debug] [2018-01-16T23:06:00.183Z] > authorizing via signed-in user
[debug] [2018-01-16T23:06:00.185Z] >>> HTTP REQUEST GET https://admin.firebase.com/v1/projects/dodo-eb79d  
  
 Wed Jan 17 2018 00:06:00 GMT+0100 (W. Europe Standard Time)
[debug] [2018-01-16T23:06:01.035Z] <<< HTTP RESPONSE 200
[debug] [2018-01-16T23:06:01.035Z] >>> HTTP REQUEST GET https://admin.firebase.com/v1/database/dodo-eb79d/tokens  
  
 Wed Jan 17 2018 00:06:01 GMT+0100 (W. Europe Standard Time)
[debug] [2018-01-16T23:06:01.656Z] <<< HTTP RESPONSE 200
[info] 
[info] === Serving from 'C:\MAMP\htdocs\dodo'...
[info] 
[debug] [2018-01-16T23:06:01.658Z] >>> HTTP REQUEST GET https://cloudresourcemanager.googleapis.com/v1/projects/dodo-eb79d  
  
 Wed Jan 17 2018 00:06:01 GMT+0100 (W. Europe Standard Time)
[debug] [2018-01-16T23:06:02.568Z] <<< HTTP RESPONSE 200
[debug] [2018-01-16T23:06:02.569Z] >>> HTTP REQUEST GET https://mobilesdk-pa.googleapis.com/v1/projects/135685818963/clients/_:getWebAppConfig  
  
 Wed Jan 17 2018 00:06:02 GMT+0100 (W. Europe Standard Time)
[debug] [2018-01-16T23:06:03.202Z] <<< HTTP RESPONSE 200
[debug] [2018-01-16T23:06:03.215Z] TypeError: Cannot read property 'public' of undefined
    at Server.<anonymous> (C:\Users\Jimmy Brawn\AppData\Roaming\npm\node_modules\firebase-tools\lib\serve\hosting.js:34:18)
    at Object.onceWrapper (events.js:313:30)
    at emitNone (events.js:106:13)
    at Server.emit (events.js:208:7)
    at emitListeningNT (net.js:1378:10)
    at _combinedTickCallback (internal/process/next_tick.js:135:11)
    at process._tickDomainCallback (internal/process/next_tick.js:218:9)
[error] 
[error] Error: An unexpected error has occurred.
[debug] [2018-01-16T23:08:19.802Z] ----------------------------------------------------------------------
[debug] [2018-01-16T23:08:19.804Z] Command:       C:\Program Files\nodejs\node.exe C:\Users\Jimmy Brawn\AppData\Roaming\npm\node_modules\firebase-tools\bin\firebase serve
[debug] [2018-01-16T23:08:19.804Z] CLI Version:   3.16.0
[debug] [2018-01-16T23:08:19.804Z] Platform:      win32
[debug] [2018-01-16T23:08:19.804Z] Node Version:  v8.9.1
[debug] [2018-01-16T23:08:19.804Z] Time:          Wed Jan 17 2018 00:08:19 GMT+0100 (W. Europe Standard Time)
[debug] [2018-01-16T23:08:19.805Z] ----------------------------------------------------------------------
[debug] 
[debug] [2018-01-16T23:08:19.814Z] > command requires scopes: ["email","openid","https://www.googleapis.com/auth/cloudplatformprojects.readonly","https://www.googleapis.com/auth/firebase","https://www.googleapis.com/auth/cloud-platform"]
[debug] [2018-01-16T23:08:19.814Z] > authorizing via signed-in user
[debug] [2018-01-16T23:08:19.815Z] >>> HTTP REQUEST GET https://admin.firebase.com/v1/projects/dodo-eb79d  
  
 Wed Jan 17 2018 00:08:19 GMT+0100 (W. Europe Standard Time)
[debug] [2018-01-16T23:08:51.890Z] Error: connect ETIMEDOUT 104.197.85.31:443
    at Object._errnoException (util.js:1024:11)
    at _exceptionWithHostPort (util.js:1046:20)
    at TCPConnectWrap.afterConnect [as oncomplete] (net.js:1182:14)
[error] 
[error] Error: Server Error. connect ETIMEDOUT 104.197.85.31:443
[debug] [2018-01-16T23:20:02.016Z] ----------------------------------------------------------------------
[debug] [2018-01-16T23:20:02.018Z] Command:       C:\Program Files\nodejs\node.exe C:\Users\Jimmy Brawn\AppData\Roaming\npm\node_modules\firebase-tools\bin\firebase serve
[debug] [2018-01-16T23:20:02.018Z] CLI Version:   3.16.0
[debug] [2018-01-16T23:20:02.018Z] Platform:      win32
[debug] [2018-01-16T23:20:02.018Z] Node Version:  v8.9.1
[debug] [2018-01-16T23:20:02.018Z] Time:          Wed Jan 17 2018 00:20:02 GMT+0100 (W. Europe Standard Time)
[debug] [2018-01-16T23:20:02.018Z] ----------------------------------------------------------------------
[debug] 
[debug] [2018-01-16T23:20:02.028Z] > command requires scopes: ["email","openid","https://www.googleapis.com/auth/cloudplatformprojects.readonly","https://www.googleapis.com/auth/firebase","https://www.googleapis.com/auth/cloud-platform"]
[debug] [2018-01-16T23:20:02.028Z] > authorizing via signed-in user
[debug] [2018-01-16T23:20:02.030Z] >>> HTTP REQUEST GET https://admin.firebase.com/v1/projects/dodo-eb79d  
  
 Wed Jan 17 2018 00:20:02 GMT+0100 (W. Europe Standard Time)
[debug] [2018-01-16T23:20:02.910Z] <<< HTTP RESPONSE 200
[debug] [2018-01-16T23:20:02.910Z] >>> HTTP REQUEST GET https://admin.firebase.com/v1/database/dodo-eb79d/tokens  
  
 Wed Jan 17 2018 00:20:02 GMT+0100 (W. Europe Standard Time)
[debug] [2018-01-16T23:20:03.600Z] <<< HTTP RESPONSE 200
[info] 
[info] === Serving from 'C:\MAMP\htdocs\dodo'...
[info] 
[debug] [2018-01-16T23:20:03.603Z] >>> HTTP REQUEST GET https://cloudresourcemanager.googleapis.com/v1/projects/dodo-eb79d  
  
 Wed Jan 17 2018 00:20:03 GMT+0100 (W. Europe Standard Time)
[debug] [2018-01-16T23:20:04.512Z] <<< HTTP RESPONSE 200
[debug] [2018-01-16T23:20:04.514Z] >>> HTTP REQUEST GET https://mobilesdk-pa.googleapis.com/v1/projects/135685818963/clients/_:getWebAppConfig  
  
 Wed Jan 17 2018 00:20:04 GMT+0100 (W. Europe Standard Time)
[debug] [2018-01-16T23:20:05.099Z] <<< HTTP RESPONSE 200
[info] i  hosting: Serving hosting files from: ./
[info] +  hosting: Local server: http://localhost:5000

